2025-02-27 02:05:57,080 INFO o.s.b.StartupInfoLogger [main] Starting ByteprocessorApplication using Java 21.0.5 with PID 84303 (/Users/emma/viewlit/byteprocessor/target/classes started by emma in /Users/emma/viewlit/byteprocessor)
2025-02-27 02:05:57,080 DEBUG o.s.b.StartupInfoLogger [main] Running with Spring Boot v3.4.3, Spring v6.2.1
2025-02-27 02:05:57,081 INFO o.s.b.SpringApplication [main] No active profile set, falling back to 1 default profile: "default"
2025-02-27 02:05:57,305 INFO o.s.d.r.c.RepositoryConfigurationDelegate [main] Bootstrapping Spring Data JPA repositories in DEFAULT mode.
2025-02-27 02:05:57,322 INFO o.s.d.r.c.RepositoryConfigurationDelegate [main] Finished Spring Data repository scanning in 10 ms. Found 0 JPA repository interfaces.
2025-02-27 02:05:57,508 INFO o.s.b.w.e.t.TomcatWebServer [main] Tomcat initialized with port 8080 (http)
2025-02-27 02:05:57,514 INFO o.a.j.l.DirectJDKLog [main] Initializing ProtocolHandler ["http-nio-8080"]
2025-02-27 02:05:57,515 INFO o.a.j.l.DirectJDKLog [main] Starting service [Tomcat]
2025-02-27 02:05:57,515 INFO o.a.j.l.DirectJDKLog [main] Starting Servlet engine: [Apache Tomcat/10.1.36]
2025-02-27 02:05:57,556 INFO o.a.j.l.DirectJDKLog [main] Initializing Spring embedded WebApplicationContext
2025-02-27 02:05:57,556 INFO o.s.b.w.s.c.ServletWebServerApplicationContext [main] Root WebApplicationContext: initialization completed in 462 ms
2025-02-27 02:05:57,579 WARN o.s.c.s.AbstractApplicationContext [main] Exception encountered during context initialization - cancelling refresh attempt: org.springframework.beans.factory.BeanCreationException: Error creating bean with name 'entityManagerFactory' defined in class path resource [org/springframework/boot/autoconfigure/orm/jpa/HibernateJpaConfiguration.class]: Failed to initialize dependency 'dataSourceScriptDatabaseInitializer' of LoadTimeWeaverAware bean 'entityManagerFactory': Error creating bean with name 'dataSourceScriptDatabaseInitializer' defined in class path resource [org/springframework/boot/autoconfigure/sql/init/DataSourceInitializationConfiguration.class]: Unsatisfied dependency expressed through method 'dataSourceScriptDatabaseInitializer' parameter 0: Error creating bean with name 'dataSource' defined in class path resource [org/springframework/boot/autoconfigure/jdbc/DataSourceConfiguration$Hikari.class]: Failed to instantiate [com.zaxxer.hikari.HikariDataSource]: Factory method 'dataSource' threw exception with message: Failed to determine a suitable driver class
2025-02-27 02:05:57,580 INFO o.a.j.l.DirectJDKLog [main] Stopping service [Tomcat]
2025-02-27 02:05:57,586 INFO o.s.b.a.l.ConditionEvaluationReportLogger [main] 

Error starting ApplicationContext. To display the condition evaluation report re-run your application with 'debug' enabled.
2025-02-27 02:05:57,592 ERROR o.s.b.d.LoggingFailureAnalysisReporter [main] 

***************************
APPLICATION FAILED TO START
***************************

Description:

Failed to configure a DataSource: 'url' attribute is not specified and no embedded datasource could be configured.

Reason: Failed to determine a suitable driver class


Action:

Consider the following:
	If you want an embedded database (H2, HSQL or Derby), please put it on the classpath.
	If you have database settings to be loaded from a particular profile you may need to activate it (no profiles are currently active).

2025-02-27 02:07:38,529 INFO o.s.b.StartupInfoLogger [main] Starting ByteprocessorApplication using Java 21.0.5 with PID 84564 (/Users/emma/viewlit/byteprocessor/target/classes started by emma in /Users/emma/viewlit/byteprocessor)
2025-02-27 02:07:38,529 DEBUG o.s.b.StartupInfoLogger [main] Running with Spring Boot v3.4.3, Spring v6.2.1
2025-02-27 02:07:38,530 INFO o.s.b.SpringApplication [main] No active profile set, falling back to 1 default profile: "default"
2025-02-27 02:07:38,843 INFO o.s.b.w.e.t.TomcatWebServer [main] Tomcat initialized with port 8080 (http)
2025-02-27 02:07:38,848 INFO o.a.j.l.DirectJDKLog [main] Initializing ProtocolHandler ["http-nio-8080"]
2025-02-27 02:07:38,849 INFO o.a.j.l.DirectJDKLog [main] Starting service [Tomcat]
2025-02-27 02:07:38,849 INFO o.a.j.l.DirectJDKLog [main] Starting Servlet engine: [Apache Tomcat/10.1.36]
2025-02-27 02:07:38,868 INFO o.a.j.l.DirectJDKLog [main] Initializing Spring embedded WebApplicationContext
2025-02-27 02:07:38,869 INFO o.s.b.w.s.c.ServletWebServerApplicationContext [main] Root WebApplicationContext: initialization completed in 324 ms
2025-02-27 02:07:38,893 INFO n.b.f.RunProcessFunction [main] {ffmpeg.path} -version
2025-02-27 02:07:39,024 INFO o.a.j.l.DirectJDKLog [main] Starting ProtocolHandler ["http-nio-8080"]
2025-02-27 02:07:39,032 WARN o.s.c.s.AbstractApplicationContext [main] Exception encountered during context initialization - cancelling refresh attempt: org.springframework.context.ApplicationContextException: Failed to start bean 'webServerStartStop'
2025-02-27 02:07:39,043 INFO o.s.b.a.l.ConditionEvaluationReportLogger [main] 

Error starting ApplicationContext. To display the condition evaluation report re-run your application with 'debug' enabled.
2025-02-27 02:07:39,048 ERROR o.s.b.d.LoggingFailureAnalysisReporter [main] 

***************************
APPLICATION FAILED TO START
***************************

Description:

Web server failed to start. Port 8080 was already in use.

Action:

Identify and stop the process that's listening on port 8080 or configure this application to listen on another port.

2025-02-27 02:08:18,043 INFO o.s.b.StartupInfoLogger [main] Starting ByteprocessorApplication using Java 21.0.5 with PID 84765 (/Users/emma/viewlit/byteprocessor/target/classes started by emma in /Users/emma/viewlit/byteprocessor)
2025-02-27 02:08:18,044 DEBUG o.s.b.StartupInfoLogger [main] Running with Spring Boot v3.4.3, Spring v6.2.1
2025-02-27 02:08:18,044 INFO o.s.b.SpringApplication [main] No active profile set, falling back to 1 default profile: "default"
2025-02-27 02:08:18,375 INFO o.s.b.w.e.t.TomcatWebServer [main] Tomcat initialized with port 9090 (http)
2025-02-27 02:08:18,381 INFO o.a.j.l.DirectJDKLog [main] Initializing ProtocolHandler ["http-nio-9090"]
2025-02-27 02:08:18,383 INFO o.a.j.l.DirectJDKLog [main] Starting service [Tomcat]
2025-02-27 02:08:18,383 INFO o.a.j.l.DirectJDKLog [main] Starting Servlet engine: [Apache Tomcat/10.1.36]
2025-02-27 02:08:18,403 INFO o.a.j.l.DirectJDKLog [main] Initializing Spring embedded WebApplicationContext
2025-02-27 02:08:18,403 INFO o.s.b.w.s.c.ServletWebServerApplicationContext [main] Root WebApplicationContext: initialization completed in 345 ms
2025-02-27 02:08:18,427 INFO n.b.f.RunProcessFunction [main] {ffmpeg.path} -version
2025-02-27 02:08:18,555 INFO o.a.j.l.DirectJDKLog [main] Starting ProtocolHandler ["http-nio-9090"]
2025-02-27 02:08:18,566 INFO o.s.b.w.e.t.TomcatWebServer [main] Tomcat started on port 9090 (http) with context path '/'
2025-02-27 02:08:18,570 INFO o.s.b.StartupInfoLogger [main] Started ByteprocessorApplication in 0.713 seconds (process running for 0.841)
2025-02-27 02:09:25,866 INFO o.a.j.l.DirectJDKLog [http-nio-9090-exec-1] Initializing Spring DispatcherServlet 'dispatcherServlet'
2025-02-27 02:09:25,867 INFO o.s.w.s.FrameworkServlet [http-nio-9090-exec-1] Initializing Servlet 'dispatcherServlet'
2025-02-27 02:09:25,869 INFO o.s.w.s.FrameworkServlet [http-nio-9090-exec-1] Completed initialization in 2 ms
2025-02-27 02:19:13,754 INFO o.s.b.w.e.t.GracefulShutdown [SpringApplicationShutdownHook] Commencing graceful shutdown. Waiting for active requests to complete
2025-02-27 02:19:13,765 INFO o.s.b.w.e.t.GracefulShutdown [tomcat-shutdown] Graceful shutdown complete
